Arguments: 
  C:\Program Files\nodejs\node.exe C:\Program Files (x86)\Yarn\bin\yarn.js add hardhat --dev

PATH: 
  C:\WINDOWS\system32;C:\WINDOWS;C:\WINDOWS\System32\Wbem;C:\WINDOWS\System32\WindowsPowerShell\v1.0\;C:\Users\user\.dnx\bin;C:\Program Files\Microsoft DNX\Dnvm\;C:\Program Files\Microsoft SQL Server\120\Tools\Binn\;C:\xampp\php;l;C:\ProgramData\ComposerSetup\bin;C:\Program Files (x86)\Yarn\bin\;C:\Program Files\Git\cmd;C:\WINDOWS\System32\OpenSSH\;%NVM_HOME%;%NVM_SYMLINK%;C:\Program Files\nodejs\;C:\ProgramData\chocolatey\bin;;C:\xampp\php;C:\Users\user\AppData\Roaming\Composer\vendor\bin;C:\Users\user\AppData\Local\Yarn\bin;C:\Users\user\AppData\Local\Microsoft\WindowsApps;C:\Program Files\heroku\bin;C:\Users\user\AppData\Local\Programs\Microsoft VS Code\bin;C:\Users\user\AppData\Roaming\nvm;C:\Program Files\nodejs;C:\Users\user\AppData\Roaming\npm

Yarn version: 
  1.22.5

Node version: 
  16.14.1

Platform: 
  win32 x64

Trace: 
  Error: getaddrinfo ENOTFOUND registry.npmjs.org
      at GetAddrInfoReqWrap.onlookup [as oncomplete] (node:dns:71:26)

npm manifest: 
  {
    "name": "hardhat",
    "version": "1.0.0",
    "description": "",
    "main": "index.js",
    "scripts": {
      "test": "echo \"Error: no test specified\" && exit 1"
    },
    "keywords": [],
    "author": "",
    "license": "ISC"
  }

yarn manifest: 
  No manifest

Lockfile: 
  No lockfile
